<?xml version="1.0" encoding="UTF-8"?>
<!-- Generated by org.testng.reporters.JUnitReportReporter -->
<testsuite skipped="0" hostname="User-PC" name="com.netflights.testcases.HomePageTest" tests="3" failures="0" timestamp="17 Oct 2018 06:49:58 GMT" time="5.553" errors="0">
  <testcase name="homePageTitleTest" time="0.019" classname="com.netflights.testcases.HomePageTest"/>
  <testcase name="netflightLogoTest" time="0.050" classname="com.netflights.testcases.HomePageTest"/>
  <testcase name="flightTest" time="5.484" classname="com.netflights.testcases.HomePageTest"/>
</testsuite> <!-- com.netflights.testcases.HomePageTest -->
